app/build/intermediates/manifest_merge_blame_file/release/processReleaseMainManifest/manifest-merger-blame-release-report.txt
1<?xml version="1.0" encoding="utf-8"?>
2<manifest xmlns:android="http://schemas.android.com/apk/res/android"
3    package="com.sudokumaster.android"
4    android:versionCode="1"
5    android:versionName="1.0" >
6
7    <uses-sdk
8        android:minSdkVersion="26"
9        android:targetSdkVersion="35" />
10
11    <!-- Network permissions -->
12    <uses-permission android:name="android.permission.INTERNET" />
12-->src/main/AndroidManifest.xml:6:5-67
12-->src/main/AndroidManifest.xml:6:22-64
13    <uses-permission android:name="android.permission.ACCESS_NETWORK_STATE" />
13-->src/main/AndroidManifest.xml:7:5-79
13-->src/main/AndroidManifest.xml:7:22-76
14
15    <!-- Biometric permissions -->
16    <uses-permission android:name="android.permission.USE_BIOMETRIC" />
16-->src/main/AndroidManifest.xml:10:5-72
16-->src/main/AndroidManifest.xml:10:22-69
17    <uses-permission android:name="android.permission.USE_FINGERPRINT" />
17-->src/main/AndroidManifest.xml:11:5-74
17-->src/main/AndroidManifest.xml:11:22-71
18
19    <!-- Meta Audience Network permissions -->
20    <uses-permission android:name="android.permission.ACCESS_WIFI_STATE" />
20-->src/main/AndroidManifest.xml:14:5-76
20-->src/main/AndroidManifest.xml:14:22-73
21    <uses-permission android:name="com.google.android.gms.permission.AD_ID" />
21-->src/main/AndroidManifest.xml:15:5-79
21-->src/main/AndroidManifest.xml:15:22-76
22
23    <permission
23-->[androidx.core:core:1.13.1] AndroidManifest.xml:22:5-24:47
24        android:name="com.sudokumaster.android.DYNAMIC_RECEIVER_NOT_EXPORTED_PERMISSION"
24-->[androidx.core:core:1.13.1] AndroidManifest.xml:23:9-81
25        android:protectionLevel="signature" />
25-->[androidx.core:core:1.13.1] AndroidManifest.xml:24:9-44
26
27    <uses-permission android:name="com.sudokumaster.android.DYNAMIC_RECEIVER_NOT_EXPORTED_PERMISSION" />
27-->[androidx.core:core:1.13.1] AndroidManifest.xml:26:5-97
27-->[androidx.core:core:1.13.1] AndroidManifest.xml:26:22-94
28
29    <queries>
29-->[com.facebook.android:audience-network-sdk:6.18.0] AndroidManifest.xml:11:5-13:15
30        <package android:name="com.facebook.katana" />
30-->[com.facebook.android:audience-network-sdk:6.18.0] AndroidManifest.xml:12:9-55
30-->[com.facebook.android:audience-network-sdk:6.18.0] AndroidManifest.xml:12:18-52
31    </queries>
32
33    <application
33-->src/main/AndroidManifest.xml:17:5-55:19
34        android:name="com.sudokumaster.android.SudokuApplication"
34-->src/main/AndroidManifest.xml:18:9-42
35        android:allowBackup="true"
35-->src/main/AndroidManifest.xml:19:9-35
36        android:appComponentFactory="androidx.core.app.CoreComponentFactory"
36-->[androidx.core:core:1.13.1] AndroidManifest.xml:28:18-86
37        android:dataExtractionRules="@xml/data_extraction_rules"
37-->src/main/AndroidManifest.xml:20:9-65
38        android:extractNativeLibs="false"
39        android:fullBackupContent="@xml/backup_rules"
39-->src/main/AndroidManifest.xml:21:9-54
40        android:icon="@drawable/ic_launcher_legacy"
40-->src/main/AndroidManifest.xml:22:9-52
41        android:label="@string/app_name"
41-->src/main/AndroidManifest.xml:23:9-41
42        android:networkSecurityConfig="@xml/network_security_config"
42-->src/main/AndroidManifest.xml:27:9-69
43        android:roundIcon="@drawable/ic_launcher_legacy"
43-->src/main/AndroidManifest.xml:24:9-57
44        android:supportsRtl="true"
44-->src/main/AndroidManifest.xml:25:9-35
45        android:theme="@style/Theme.SudokuMaster" >
45-->src/main/AndroidManifest.xml:26:9-50
46
47        <!-- Main Activity -->
48        <activity
48-->src/main/AndroidManifest.xml:31:9-41:20
49            android:name="com.sudokumaster.android.presentation.MainActivity"
49-->src/main/AndroidManifest.xml:32:13-54
50            android:exported="true"
50-->src/main/AndroidManifest.xml:33:13-36
51            android:label="@string/app_name"
51-->src/main/AndroidManifest.xml:34:13-45
52            android:screenOrientation="portrait"
52-->src/main/AndroidManifest.xml:36:13-49
53            android:theme="@style/Theme.SudokuMaster" >
53-->src/main/AndroidManifest.xml:35:13-54
54            <intent-filter>
54-->src/main/AndroidManifest.xml:37:13-40:29
55                <action android:name="android.intent.action.MAIN" />
55-->src/main/AndroidManifest.xml:38:17-69
55-->src/main/AndroidManifest.xml:38:25-66
56
57                <category android:name="android.intent.category.LAUNCHER" />
57-->src/main/AndroidManifest.xml:39:17-77
57-->src/main/AndroidManifest.xml:39:27-74
58            </intent-filter>
59        </activity>
60
61        <!-- Meta Audience Network Configuration -->
62        <meta-data
62-->src/main/AndroidManifest.xml:44:9-46:55
63            android:name="com.facebook.sdk.ApplicationId"
63-->src/main/AndroidManifest.xml:45:13-58
64            android:value="@string/facebook_app_id" />
64-->src/main/AndroidManifest.xml:46:13-52
65        <meta-data
65-->src/main/AndroidManifest.xml:48:9-50:61
66            android:name="com.facebook.sdk.ClientToken"
66-->src/main/AndroidManifest.xml:49:13-56
67            android:value="@string/facebook_client_token" />
67-->src/main/AndroidManifest.xml:50:13-58
68
69        <!-- App Tracking Transparency -->
70        <meta-data
70-->src/main/AndroidManifest.xml:53:9-54:69
71            android:name="com.google.android.gms.ads.APPLICATION_ID"
71-->src/main/AndroidManifest.xml:53:20-76
72            android:value="ca-app-pub-3940256099942544~3347511713" />
72-->src/main/AndroidManifest.xml:54:13-67
73
74        <provider
74-->[androidx.emoji2:emoji2:1.3.0] AndroidManifest.xml:24:9-32:20
75            android:name="androidx.startup.InitializationProvider"
75-->[androidx.emoji2:emoji2:1.3.0] AndroidManifest.xml:25:13-67
76            android:authorities="com.sudokumaster.android.androidx-startup"
76-->[androidx.emoji2:emoji2:1.3.0] AndroidManifest.xml:26:13-68
77            android:exported="false" >
77-->[androidx.emoji2:emoji2:1.3.0] AndroidManifest.xml:27:13-37
78            <meta-data
78-->[androidx.emoji2:emoji2:1.3.0] AndroidManifest.xml:29:13-31:52
79                android:name="androidx.emoji2.text.EmojiCompatInitializer"
79-->[androidx.emoji2:emoji2:1.3.0] AndroidManifest.xml:30:17-75
80                android:value="androidx.startup" />
80-->[androidx.emoji2:emoji2:1.3.0] AndroidManifest.xml:31:17-49
81            <meta-data
81-->[androidx.lifecycle:lifecycle-process:2.8.4] AndroidManifest.xml:29:13-31:52
82                android:name="androidx.lifecycle.ProcessLifecycleInitializer"
82-->[androidx.lifecycle:lifecycle-process:2.8.4] AndroidManifest.xml:30:17-78
83                android:value="androidx.startup" />
83-->[androidx.lifecycle:lifecycle-process:2.8.4] AndroidManifest.xml:31:17-49
84            <meta-data
84-->[androidx.profileinstaller:profileinstaller:1.3.1] AndroidManifest.xml:29:13-31:52
85                android:name="androidx.profileinstaller.ProfileInstallerInitializer"
85-->[androidx.profileinstaller:profileinstaller:1.3.1] AndroidManifest.xml:30:17-85
86                android:value="androidx.startup" />
86-->[androidx.profileinstaller:profileinstaller:1.3.1] AndroidManifest.xml:31:17-49
87        </provider>
88
89        <service
89-->[androidx.room:room-runtime:2.6.1] AndroidManifest.xml:24:9-28:63
90            android:name="androidx.room.MultiInstanceInvalidationService"
90-->[androidx.room:room-runtime:2.6.1] AndroidManifest.xml:25:13-74
91            android:directBootAware="true"
91-->[androidx.room:room-runtime:2.6.1] AndroidManifest.xml:26:13-43
92            android:exported="false" />
92-->[androidx.room:room-runtime:2.6.1] AndroidManifest.xml:27:13-37
93
94        <receiver
94-->[androidx.profileinstaller:profileinstaller:1.3.1] AndroidManifest.xml:34:9-52:20
95            android:name="androidx.profileinstaller.ProfileInstallReceiver"
95-->[androidx.profileinstaller:profileinstaller:1.3.1] AndroidManifest.xml:35:13-76
96            android:directBootAware="false"
96-->[androidx.profileinstaller:profileinstaller:1.3.1] AndroidManifest.xml:36:13-44
97            android:enabled="true"
97-->[androidx.profileinstaller:profileinstaller:1.3.1] AndroidManifest.xml:37:13-35
98            android:exported="true"
98-->[androidx.profileinstaller:profileinstaller:1.3.1] AndroidManifest.xml:38:13-36
99            android:permission="android.permission.DUMP" >
99-->[androidx.profileinstaller:profileinstaller:1.3.1] AndroidManifest.xml:39:13-57
100            <intent-filter>
100-->[androidx.profileinstaller:profileinstaller:1.3.1] AndroidManifest.xml:40:13-42:29
101                <action android:name="androidx.profileinstaller.action.INSTALL_PROFILE" />
101-->[androidx.profileinstaller:profileinstaller:1.3.1] AndroidManifest.xml:41:17-91
101-->[androidx.profileinstaller:profileinstaller:1.3.1] AndroidManifest.xml:41:25-88
102            </intent-filter>
103            <intent-filter>
103-->[androidx.profileinstaller:profileinstaller:1.3.1] AndroidManifest.xml:43:13-45:29
104                <action android:name="androidx.profileinstaller.action.SKIP_FILE" />
104-->[androidx.profileinstaller:profileinstaller:1.3.1] AndroidManifest.xml:44:17-85
104-->[androidx.profileinstaller:profileinstaller:1.3.1] AndroidManifest.xml:44:25-82
105            </intent-filter>
106            <intent-filter>
106-->[androidx.profileinstaller:profileinstaller:1.3.1] AndroidManifest.xml:46:13-48:29
107                <action android:name="androidx.profileinstaller.action.SAVE_PROFILE" />
107-->[androidx.profileinstaller:profileinstaller:1.3.1] AndroidManifest.xml:47:17-88
107-->[androidx.profileinstaller:profileinstaller:1.3.1] AndroidManifest.xml:47:25-85
108            </intent-filter>
109            <intent-filter>
109-->[androidx.profileinstaller:profileinstaller:1.3.1] AndroidManifest.xml:49:13-51:29
110                <action android:name="androidx.profileinstaller.action.BENCHMARK_OPERATION" />
110-->[androidx.profileinstaller:profileinstaller:1.3.1] AndroidManifest.xml:50:17-95
110-->[androidx.profileinstaller:profileinstaller:1.3.1] AndroidManifest.xml:50:25-92
111            </intent-filter>
112        </receiver>
113
114        <activity
114-->[com.facebook.android:audience-network-sdk:6.18.0] AndroidManifest.xml:20:9-24:75
115            android:name="com.facebook.ads.AudienceNetworkActivity"
115-->[com.facebook.android:audience-network-sdk:6.18.0] AndroidManifest.xml:21:13-68
116            android:configChanges="keyboardHidden|orientation|screenSize|smallestScreenSize|screenLayout"
116-->[com.facebook.android:audience-network-sdk:6.18.0] AndroidManifest.xml:22:13-106
117            android:exported="false"
117-->[com.facebook.android:audience-network-sdk:6.18.0] AndroidManifest.xml:23:13-37
118            android:theme="@android:style/Theme.Translucent.NoTitleBar" />
118-->[com.facebook.android:audience-network-sdk:6.18.0] AndroidManifest.xml:24:13-72
119
120        <provider
120-->[com.facebook.android:audience-network-sdk:6.18.0] AndroidManifest.xml:26:9-29:40
121            android:name="com.facebook.ads.AudienceNetworkContentProvider"
121-->[com.facebook.android:audience-network-sdk:6.18.0] AndroidManifest.xml:27:13-75
122            android:authorities="com.sudokumaster.android.AudienceNetworkContentProvider"
122-->[com.facebook.android:audience-network-sdk:6.18.0] AndroidManifest.xml:28:13-82
123            android:exported="false" />
123-->[com.facebook.android:audience-network-sdk:6.18.0] AndroidManifest.xml:29:13-37
124
125        <meta-data
125-->[com.google.android.gms:play-services-basement:11.0.4] AndroidManifest.xml:20:9-121
126            android:name="com.google.android.gms.version"
126-->[com.google.android.gms:play-services-basement:11.0.4] AndroidManifest.xml:20:20-65
127            android:value="@integer/google_play_services_version" />
127-->[com.google.android.gms:play-services-basement:11.0.4] AndroidManifest.xml:20:66-119
128    </application>
129
130</manifest>